------------------------------------------------------------------------------------
Date: 7/13/2022 -- 04:06:50 (uptime: 0d, 00h 00m 00s)
------------------------------------------------------------------------------------
Counter                                       | TM Name                   | Value
------------------------------------------------------------------------------------
decoder.pkts                                  | Total                     | 347
decoder.bytes                                 | Total                     | 27139
decoder.ipv4                                  | Total                     | 339
decoder.ethernet                              | Total                     | 347
decoder.tcp                                   | Total                     | 331
decoder.udp                                   | Total                     | 8
decoder.avg_pkt_size                          | Total                     | 78
decoder.max_pkt_size                          | Total                     | 590
flow.tcp                                      | Total                     | 27
flow.udp                                      | Total                     | 2
flow.wrk.spare_sync_avg                       | Total                     | 100
flow.wrk.spare_sync                           | Total                     | 8
tcp.sessions                                  | Total                     | 27
tcp.invalid_checksum                          | Total                     | 138
tcp.syn                                       | Total                     | 27
app_layer.flow.dhcp                           | Total                     | 1
app_layer.tx.dhcp                             | Total                     | 4
app_layer.flow.failed_udp                     | Total                     | 1
flow.mgr.full_hash_pass                       | Total                     | 1
flow.spare                                    | Total                     | 9200
flow.mgr.rows_maxlen                          | Total                     | 1
flow.mgr.flows_checked                        | Total                     | 27
flow.mgr.flows_notimeout                      | Total                     | 27
tcp.memuse                                    | Total                     | 4849664
tcp.reassembly_memuse                         | Total                     | 786432
flow.memuse                                   | Total                     | 7394304
------------------------------------------------------------------------------------
Date: 7/13/2022 -- 04:07:59 (uptime: 0d, 00h 00m 00s)
------------------------------------------------------------------------------------
Counter                                       | TM Name                   | Value
------------------------------------------------------------------------------------
decoder.pkts                                  | Total                     | 347
decoder.bytes                                 | Total                     | 27139
decoder.ipv4                                  | Total                     | 339
decoder.ethernet                              | Total                     | 347
decoder.tcp                                   | Total                     | 331
decoder.udp                                   | Total                     | 8
decoder.avg_pkt_size                          | Total                     | 78
decoder.max_pkt_size                          | Total                     | 590
flow.tcp                                      | Total                     | 27
flow.udp                                      | Total                     | 2
flow.wrk.spare_sync_avg                       | Total                     | 100
flow.wrk.spare_sync                           | Total                     | 8
tcp.sessions                                  | Total                     | 27
tcp.invalid_checksum                          | Total                     | 138
tcp.syn                                       | Total                     | 27
app_layer.flow.dhcp                           | Total                     | 1
app_layer.tx.dhcp                             | Total                     | 4
app_layer.flow.failed_udp                     | Total                     | 1
flow.mgr.full_hash_pass                       | Total                     | 1
flow.spare                                    | Total                     | 9200
flow.mgr.rows_maxlen                          | Total                     | 1
flow.mgr.flows_checked                        | Total                     | 29
flow.mgr.flows_notimeout                      | Total                     | 29
tcp.memuse                                    | Total                     | 4849664
tcp.reassembly_memuse                         | Total                     | 786432
flow.memuse                                   | Total                     | 7394304
------------------------------------------------------------------------------------
Date: 7/13/2022 -- 04:08:15 (uptime: 0d, 00h 00m 00s)
------------------------------------------------------------------------------------
Counter                                       | TM Name                   | Value
------------------------------------------------------------------------------------
decoder.pkts                                  | Total                     | 347
decoder.bytes                                 | Total                     | 27139
decoder.ipv4                                  | Total                     | 339
decoder.ethernet                              | Total                     | 347
decoder.tcp                                   | Total                     | 331
decoder.udp                                   | Total                     | 8
decoder.avg_pkt_size                          | Total                     | 78
decoder.max_pkt_size                          | Total                     | 590
flow.tcp                                      | Total                     | 27
flow.udp                                      | Total                     | 2
flow.wrk.spare_sync_avg                       | Total                     | 100
flow.wrk.spare_sync                           | Total                     | 8
tcp.sessions                                  | Total                     | 27
tcp.invalid_checksum                          | Total                     | 138
tcp.syn                                       | Total                     | 27
app_layer.flow.dhcp                           | Total                     | 1
app_layer.tx.dhcp                             | Total                     | 4
app_layer.flow.failed_udp                     | Total                     | 1
flow.mgr.full_hash_pass                       | Total                     | 1
flow.spare                                    | Total                     | 9200
flow.mgr.rows_maxlen                          | Total                     | 1
flow.mgr.flows_checked                        | Total                     | 29
flow.mgr.flows_notimeout                      | Total                     | 29
tcp.memuse                                    | Total                     | 4849664
tcp.reassembly_memuse                         | Total                     | 786432
flow.memuse                                   | Total                     | 7394304
------------------------------------------------------------------------------------
Date: 7/13/2022 -- 04:08:19 (uptime: 0d, 00h 00m 00s)
------------------------------------------------------------------------------------
Counter                                       | TM Name                   | Value
------------------------------------------------------------------------------------
decoder.pkts                                  | Total                     | 347
decoder.bytes                                 | Total                     | 27139
decoder.ipv4                                  | Total                     | 339
decoder.ethernet                              | Total                     | 347
decoder.tcp                                   | Total                     | 331
decoder.udp                                   | Total                     | 8
decoder.avg_pkt_size                          | Total                     | 78
decoder.max_pkt_size                          | Total                     | 590
flow.tcp                                      | Total                     | 27
flow.udp                                      | Total                     | 2
flow.wrk.spare_sync_avg                       | Total                     | 100
flow.wrk.spare_sync                           | Total                     | 8
flow.wrk.flows_evicted_needs_work             | Total                     | 1
flow.wrk.flows_evicted_pkt_inject             | Total                     | 2
flow.wrk.flows_injected                       | Total                     | 1
tcp.sessions                                  | Total                     | 27
tcp.syn                                       | Total                     | 27
tcp.synack                                    | Total                     | 27
app_layer.flow.dhcp                           | Total                     | 1
app_layer.tx.dhcp                             | Total                     | 4
app_layer.flow.mqtt                           | Total                     | 27
app_layer.tx.mqtt                             | Total                     | 85
app_layer.flow.failed_udp                     | Total                     | 1
flow.mgr.full_hash_pass                       | Total                     | 1
flow.spare                                    | Total                     | 9200
flow.mgr.rows_maxlen                          | Total                     | 1
flow.mgr.flows_checked                        | Total                     | 20
flow.mgr.flows_notimeout                      | Total                     | 20
tcp.memuse                                    | Total                     | 4849664
tcp.reassembly_memuse                         | Total                     | 786432
flow.memuse                                   | Total                     | 7394304
------------------------------------------------------------------------------------
Date: 7/13/2022 -- 04:10:57 (uptime: 0d, 00h 00m 00s)
------------------------------------------------------------------------------------
Counter                                       | TM Name                   | Value
------------------------------------------------------------------------------------
decoder.pkts                                  | Total                     | 347
decoder.bytes                                 | Total                     | 27139
decoder.ipv4                                  | Total                     | 339
decoder.ethernet                              | Total                     | 347
decoder.tcp                                   | Total                     | 331
decoder.udp                                   | Total                     | 8
decoder.avg_pkt_size                          | Total                     | 78
decoder.max_pkt_size                          | Total                     | 590
flow.tcp                                      | Total                     | 27
flow.udp                                      | Total                     | 2
flow.wrk.spare_sync_avg                       | Total                     | 100
flow.wrk.spare_sync                           | Total                     | 7
flow.wrk.flows_evicted_needs_work             | Total                     | 1
flow.wrk.flows_evicted_pkt_inject             | Total                     | 2
flow.wrk.flows_injected                       | Total                     | 1
tcp.sessions                                  | Total                     | 27
tcp.syn                                       | Total                     | 27
tcp.synack                                    | Total                     | 27
app_layer.flow.dhcp                           | Total                     | 1
app_layer.tx.dhcp                             | Total                     | 4
app_layer.flow.mqtt                           | Total                     | 27
app_layer.tx.mqtt                             | Total                     | 85
app_layer.flow.failed_udp                     | Total                     | 1
flow.mgr.full_hash_pass                       | Total                     | 1
flow.spare                                    | Total                     | 9300
flow.mgr.rows_maxlen                          | Total                     | 1
flow.mgr.flows_checked                        | Total                     | 26
flow.mgr.flows_notimeout                      | Total                     | 26
tcp.memuse                                    | Total                     | 4849664
tcp.reassembly_memuse                         | Total                     | 786432
flow.memuse                                   | Total                     | 7394304
------------------------------------------------------------------------------------
Date: 7/13/2022 -- 04:14:51 (uptime: 0d, 00h 00m 00s)
------------------------------------------------------------------------------------
Counter                                       | TM Name                   | Value
------------------------------------------------------------------------------------
decoder.pkts                                  | Total                     | 347
decoder.bytes                                 | Total                     | 27139
decoder.ipv4                                  | Total                     | 339
decoder.ethernet                              | Total                     | 347
decoder.tcp                                   | Total                     | 331
decoder.udp                                   | Total                     | 8
decoder.avg_pkt_size                          | Total                     | 78
decoder.max_pkt_size                          | Total                     | 590
flow.tcp                                      | Total                     | 27
flow.udp                                      | Total                     | 2
flow.wrk.spare_sync_avg                       | Total                     | 100
flow.wrk.spare_sync                           | Total                     | 8
flow.wrk.flows_evicted_needs_work             | Total                     | 1
flow.wrk.flows_evicted_pkt_inject             | Total                     | 2
flow.wrk.flows_injected                       | Total                     | 1
tcp.sessions                                  | Total                     | 27
tcp.syn                                       | Total                     | 27
tcp.synack                                    | Total                     | 27
detect.alert                                  | Total                     | 225
app_layer.flow.dhcp                           | Total                     | 1
app_layer.tx.dhcp                             | Total                     | 4
app_layer.flow.mqtt                           | Total                     | 27
app_layer.tx.mqtt                             | Total                     | 85
app_layer.flow.failed_udp                     | Total                     | 1
flow.mgr.full_hash_pass                       | Total                     | 1
flow.spare                                    | Total                     | 9200
flow.mgr.rows_maxlen                          | Total                     | 1
flow.mgr.flows_checked                        | Total                     | 18
flow.mgr.flows_notimeout                      | Total                     | 18
tcp.memuse                                    | Total                     | 4849664
tcp.reassembly_memuse                         | Total                     | 786432
flow.memuse                                   | Total                     | 7394304
------------------------------------------------------------------------------------
Date: 7/13/2022 -- 04:22:55 (uptime: 0d, 00h 00m 00s)
------------------------------------------------------------------------------------
Counter                                       | TM Name                   | Value
------------------------------------------------------------------------------------
decoder.pkts                                  | Total                     | 347
decoder.bytes                                 | Total                     | 27139
decoder.ipv4                                  | Total                     | 339
decoder.ethernet                              | Total                     | 347
decoder.tcp                                   | Total                     | 331
decoder.udp                                   | Total                     | 8
decoder.avg_pkt_size                          | Total                     | 78
decoder.max_pkt_size                          | Total                     | 590
flow.tcp                                      | Total                     | 27
flow.udp                                      | Total                     | 2
flow.wrk.spare_sync_avg                       | Total                     | 100
flow.wrk.spare_sync                           | Total                     | 8
flow.wrk.flows_evicted_needs_work             | Total                     | 1
flow.wrk.flows_evicted_pkt_inject             | Total                     | 2
flow.wrk.flows_injected                       | Total                     | 1
tcp.sessions                                  | Total                     | 27
tcp.syn                                       | Total                     | 27
tcp.synack                                    | Total                     | 27
detect.alert                                  | Total                     | 225
app_layer.flow.dhcp                           | Total                     | 1
app_layer.tx.dhcp                             | Total                     | 4
app_layer.flow.mqtt                           | Total                     | 27
app_layer.tx.mqtt                             | Total                     | 85
app_layer.flow.failed_udp                     | Total                     | 1
flow.mgr.full_hash_pass                       | Total                     | 1
flow.spare                                    | Total                     | 9200
flow.mgr.rows_maxlen                          | Total                     | 1
flow.mgr.flows_checked                        | Total                     | 21
flow.mgr.flows_notimeout                      | Total                     | 21
tcp.memuse                                    | Total                     | 4849664
tcp.reassembly_memuse                         | Total                     | 786432
flow.memuse                                   | Total                     | 7394304
